2019-06-19 14:01:24 INFO  MatrixLogicTest:21 - MatrixLogicTest started!
2019-06-19 14:01:24 WARN  MatrixLogic:202 - Method findFirstLocalMinPosition() received wrong parameter!(matrix == null or it`s not a matrix))
2019-06-19 14:01:24 WARN  MatrixLogic:31 - Method isMatrixRectangular() received wrong parameter!(matrix == null or it`s not a matrix)
2019-06-19 14:01:24 WARN  MatrixLogic:128 - Method isMatrixSymmetricWithMainDiagonal() received wrong parameter!(matrix == nullor matrix is not rectangular)
2019-06-19 14:01:24 WARN  MatrixLogic:52 - Method isMatrix() received wrong parameter!(matrix == null)
2019-06-19 14:01:24 WARN  MatrixLogic:77 - Method findMinValue() received wrong parameter!(matrix == null or it's not a matrix)
2019-06-19 14:01:24 WARN  MatrixLogic:52 - Method isMatrix() received wrong parameter!(matrix == null)
2019-06-19 14:01:24 WARN  MatrixLogic:103 - Method findMaxValue() received wrong parameter(matrix == null or it's not a matrix)
2019-06-19 14:01:24 WARN  MatrixLogic:103 - Method findMaxValue() received wrong parameter(matrix == null or it's not a matrix)
2019-06-19 14:01:24 WARN  MatrixLogic:31 - Method isMatrixRectangular() received wrong parameter!(matrix == null or it`s not a matrix)
2019-06-19 14:01:24 WARN  MatrixLogic:52 - Method isMatrix() received wrong parameter!(matrix == null)
2019-06-19 14:01:24 WARN  MatrixLogic:31 - Method isMatrixRectangular() received wrong parameter!(matrix == null or it`s not a matrix)
2019-06-19 14:01:24 WARN  MatrixLogic:128 - Method isMatrixSymmetricWithMainDiagonal() received wrong parameter!(matrix == nullor matrix is not rectangular)
2019-06-19 14:01:24 WARN  MatrixLogic:31 - Method isMatrixRectangular() received wrong parameter!(matrix == null or it`s not a matrix)
2019-06-19 14:01:24 WARN  MatrixLogic:178 - Method transposeMatrix() received wrong parameter!(matrix == null or it`s not a matrix)
2019-06-19 14:01:24 WARN  MatrixLogic:52 - Method isMatrix() received wrong parameter!(matrix == null)
2019-06-19 14:01:24 WARN  MatrixLogic:178 - Method transposeMatrix() received wrong parameter!(matrix == null or it`s not a matrix)
2019-06-19 14:01:24 WARN  MatrixLogic:52 - Method isMatrix() received wrong parameter!(matrix == null)
2019-06-19 14:01:24 WARN  MatrixLogic:31 - Method isMatrixRectangular() received wrong parameter!(matrix == null or it`s not a matrix)
2019-06-19 14:01:24 WARN  MatrixLogic:31 - Method isMatrixRectangular() received wrong parameter!(matrix == null or it`s not a matrix)
2019-06-19 14:01:24 WARN  MatrixLogic:52 - Method isMatrix() received wrong parameter!(matrix == null)
2019-06-19 14:01:24 WARN  MatrixLogic:31 - Method isMatrixRectangular() received wrong parameter!(matrix == null or it`s not a matrix)
2019-06-19 14:01:24 WARN  MatrixLogic:52 - Method isMatrix() received wrong parameter!(matrix == null)
2019-06-19 14:01:24 WARN  MatrixLogic:202 - Method findFirstLocalMinPosition() received wrong parameter!(matrix == null or it`s not a matrix))
2019-06-19 14:01:24 WARN  MatrixLogic:31 - Method isMatrixRectangular() received wrong parameter!(matrix == null or it`s not a matrix)
2019-06-19 14:01:24 WARN  MatrixLogic:128 - Method isMatrixSymmetricWithMainDiagonal() received wrong parameter!(matrix == nullor matrix is not rectangular)
2019-06-19 14:01:24 WARN  MatrixLogic:77 - Method findMinValue() received wrong parameter!(matrix == null or it's not a matrix)
2019-06-19 14:01:24 WARN  MatrixLogic:31 - Method isMatrixRectangular() received wrong parameter!(matrix == null or it`s not a matrix)
2019-06-19 14:01:24 WARN  MatrixLogic:128 - Method isMatrixSymmetricWithMainDiagonal() received wrong parameter!(matrix == nullor matrix is not rectangular)
2019-06-19 14:01:24 WARN  MatrixLogic:178 - Method transposeMatrix() received wrong parameter!(matrix == null or it`s not a matrix)
2019-06-19 14:01:24 WARN  MatrixLogic:52 - Method isMatrix() received wrong parameter!(matrix == null)
2019-06-19 14:01:24 WARN  MatrixLogic:31 - Method isMatrixRectangular() received wrong parameter!(matrix == null or it`s not a matrix)
2019-06-19 14:01:24 WARN  MatrixLogic:128 - Method isMatrixSymmetricWithMainDiagonal() received wrong parameter!(matrix == nullor matrix is not rectangular)
2019-06-19 14:01:24 WARN  MatrixLogic:31 - Method isMatrixRectangular() received wrong parameter!(matrix == null or it`s not a matrix)
2019-06-19 14:01:24 WARN  MatrixLogic:128 - Method isMatrixSymmetricWithMainDiagonal() received wrong parameter!(matrix == nullor matrix is not rectangular)
2019-06-19 14:01:24 WARN  MatrixLogic:103 - Method findMaxValue() received wrong parameter(matrix == null or it's not a matrix)
2019-06-19 14:01:24 WARN  MatrixLogic:202 - Method findFirstLocalMinPosition() received wrong parameter!(matrix == null or it`s not a matrix))
2019-06-19 14:01:24 WARN  MatrixLogic:77 - Method findMinValue() received wrong parameter!(matrix == null or it's not a matrix)
2019-06-19 14:01:24 INFO  MatrixLogicTest:436 - MatrixLogicTest finished!
