2019-06-19 13:50:53,417 [INFO ][main            ][by.epam.javatraining.chekun.maintask02.model.action.TripCreatorTest] - TripSpecificationByCostTest started!
2019-06-19 13:50:53,444 [INFO ][main            ][by.epam.javatraining.chekun.maintask02.model.action.TripCreatorTest] - TripSpecificationByCostTest finished!
2019-06-19 13:52:18,633 [INFO ][main            ][by.epam.javatraining.chekun.maintask02.model.action.TripCreatorTest] - FreeIdFinderTest started!
2019-06-19 13:52:18,651 [INFO ][main            ][by.epam.javatraining.chekun.maintask02.model.action.TripCreatorTest] - FreeIdFinderTest finished!
2019-06-19 13:52:24,105 [INFO ][main            ][by.epam.javatraining.chekun.maintask02.model.action.TripCreatorTest] - TripCreatorTest started!
2019-06-19 13:52:24,118 [ERROR][main            ][by.epam.javatraining.chekun.maintask02.model.action.TripCreator] - Method create() received wrong trip type: belarus minsk 1 2 2019 5
2019-06-19 13:52:24,147 [ERROR][main            ][by.epam.javatraining.chekun.maintask02.model.action.TripCreator] - Method create() received wrong trip type: 
2019-06-19 13:52:24,148 [INFO ][main            ][by.epam.javatraining.chekun.maintask02.model.action.TripCreatorTest] - TripCreatorTest finished!
2019-06-19 13:52:35,842 [INFO ][main            ][by.epam.javatraining.chekun.maintask02.model.comparator.TripComparatorByCostTest] - TripComparatorByCostTest started!
2019-06-19 13:52:35,859 [INFO ][main            ][by.epam.javatraining.chekun.maintask02.model.comparator.TripComparatorByCostTest] - TripComparatorByCostTest finished!
2019-06-19 13:52:41,133 [INFO ][main            ][by.epam.javatraining.chekun.maintask02.model.comparator.TripComparatorByCountryTest] - TripComparatorByCountryTest started!
2019-06-19 13:52:41,161 [INFO ][main            ][by.epam.javatraining.chekun.maintask02.model.comparator.TripComparatorByCountryTest] - TripComparatorByCountryTest finished!
2019-06-19 13:52:41,166 [INFO ][main            ][by.epam.javatraining.chekun.maintask02.model.comparator.TripComparatorByDateTest] - TripComparatorByDateTest started!
2019-06-19 13:52:41,170 [INFO ][main            ][by.epam.javatraining.chekun.maintask02.model.comparator.TripComparatorByDateTest] - TripComparatorByDateTest finished!
2019-06-19 13:53:08,850 [INFO ][main            ][by.epam.javatraining.chekun.maintask02.model.configuration.ConfigurationFileReaderTest] - TripFileReaderTest started!
2019-06-19 13:53:08,860 [ERROR][main            ][by.epam.javatraining.chekun.maintask02.model.reader.TripFileReader] - Path () is incorrect.
2019-06-19 13:53:08,863 [ERROR][main            ][by.epam.javatraining.chekun.maintask02.model.reader.TripFileReader] - Path (null) is incorrect.
2019-06-19 13:53:08,875 [ERROR][main            ][by.epam.javatraining.chekun.maintask02.model.reader.TripFileReader] - File (./test_data/testInputData/badTripsData.txt) has 0 correct lines.
2019-06-19 13:53:08,875 [INFO ][main            ][by.epam.javatraining.chekun.maintask02.model.configuration.ConfigurationFileReaderTest] - TripFileReaderTest finished!!
2019-06-19 13:53:08,879 [INFO ][main            ][by.epam.javatraining.chekun.maintask02.model.factory.TripFactoryTest] - TripFactoryTest starter!
2019-06-19 13:53:08,883 [ERROR][main            ][by.epam.javatraining.chekun.maintask02.model.configuration.ConfigurationFileReader] - Method from TripFactory createTrip() received wrong parameters: [rest belarus vega 5 1 2 2019 breakfast plane]
2019-06-19 13:53:08,884 [ERROR][main            ][by.epam.javatraining.chekun.maintask02.model.configuration.ConfigurationFileReader] - Method from TripFactory createTrip() received wrong parameters: [5]
2019-06-19 13:53:08,885 [ERROR][main            ][by.epam.javatraining.chekun.maintask02.model.configuration.ConfigurationFileReader] - Method from TripFactory createTrip() received wrong parameters: [healing belarus vega 5 1 2 2019 breakfast plane cold]
2019-06-19 13:53:08,887 [ERROR][main            ][by.epam.javatraining.chekun.maintask02.model.configuration.ConfigurationFileReader] - Method from TripFactory createTrip() received wrong parameters: [excursion belarus vega 5 1 2 2019 breakfast plane stela,medvejino,dvoresSporta]
2019-06-19 13:53:08,888 [ERROR][main            ][by.epam.javatraining.chekun.maintask02.model.configuration.ConfigurationFileReader] - Method from TripFactory createTrip() received wrong parameters: [belarus vega 5 1 2 2019 breakfast plane]
2019-06-19 13:53:08,892 [INFO ][main            ][by.epam.javatraining.chekun.maintask02.model.factory.TripFactoryTest] - TripFactoryTest finished!!
2019-06-19 13:53:08,896 [WARN ][main            ][by.epam.javatraining.chekun.maintask02.model.date.DateChecker] - Method isDateCorrect() received wrong parameters: 0.3.2019
2019-06-19 13:53:08,898 [WARN ][main            ][by.epam.javatraining.chekun.maintask02.model.date.DateChecker] - Method isDateCorrect() received wrong parameters: 12.0.2019
2019-06-19 13:53:08,900 [WARN ][main            ][by.epam.javatraining.chekun.maintask02.model.date.DateChecker] - Method isDateCorrect() received wrong parameters: 12.0.2018
2019-06-19 13:53:08,903 [WARN ][main            ][by.epam.javatraining.chekun.maintask02.model.date.DateChecker] - Method isDateCorrect() received wrong parameters: 32.0.2020
2019-06-19 13:53:08,911 [WARN ][main            ][by.epam.javatraining.chekun.maintask02.model.date.DateChecker] - Method isDateCorrect() received wrong parameters: 31.13.2020
2019-06-19 13:53:08,914 [WARN ][main            ][by.epam.javatraining.chekun.maintask02.model.date.DateChecker] - Method isDateCorrect() received wrong parameters: 31.2.2020
2019-06-19 13:53:08,915 [WARN ][main            ][by.epam.javatraining.chekun.maintask02.model.date.DateChecker] - Method isDateCorrect() received wrong parameters: 31.2.2019
2019-06-19 13:53:08,917 [WARN ][main            ][by.epam.javatraining.chekun.maintask02.model.date.DateChecker] - Method isDateCorrect() received wrong parameters: 31.6.2019
2019-06-19 13:53:08,919 [INFO ][main            ][by.epam.javatraining.chekun.maintask02.model.action.TripCreatorTest] - TripSpecificationByCostTest started!
2019-06-19 13:53:08,922 [INFO ][main            ][by.epam.javatraining.chekun.maintask02.model.action.TripCreatorTest] - TripSpecificationByCostTest finished!
2019-06-19 13:53:08,925 [INFO ][main            ][by.epam.javatraining.chekun.maintask02.model.factory.TripFactoryTest] - TripsRepositoryTest starter!
2019-06-19 13:53:08,948 [INFO ][main            ][by.epam.javatraining.chekun.maintask02.model.factory.TripFactoryTest] - TripsRepositoryTest finished!!
2019-06-19 13:53:08,951 [INFO ][main            ][by.epam.javatraining.chekun.maintask02.model.action.TripCreatorTest] - TripInputValidatorTest started!
2019-06-19 13:53:08,955 [WARN ][main            ][by.epam.javatraining.chekun.maintask02.model.date.DateChecker] - Method isDateCorrect() received wrong parameters: 1.5.2017
2019-06-19 13:53:08,958 [WARN ][main            ][by.epam.javatraining.chekun.maintask02.model.date.DateChecker] - Method isDateCorrect() received wrong parameters: 1.-5.2019
2019-06-19 13:53:08,963 [WARN ][main            ][by.epam.javatraining.chekun.maintask02.model.date.DateChecker] - Method isDateCorrect() received wrong parameters: -1.5.2019
2019-06-19 13:53:08,988 [INFO ][main            ][by.epam.javatraining.chekun.maintask02.model.action.TripCreatorTest] - TripInputValidatorTest finished!
2019-06-19 13:53:08,988 [INFO ][main            ][by.epam.javatraining.chekun.maintask02.model.configuration.ConfigurationFileReaderTest] - ConfigurationTest started!
2019-06-19 13:53:08,993 [INFO ][main            ][by.epam.javatraining.chekun.maintask02.model.configuration.ConfigurationFileReaderTest] - ConfigurationTest finished!!
2019-06-19 13:53:08,993 [INFO ][main            ][by.epam.javatraining.chekun.maintask02.model.configuration.ConfigurationFileReaderTest] - ConfigurationFileReaderTest started!
2019-06-19 13:53:08,995 [ERROR][main            ][by.epam.javatraining.chekun.maintask02.model.configuration.ConfigurationFileReader] - Path () is incorrect.
2019-06-19 13:53:08,997 [ERROR][main            ][by.epam.javatraining.chekun.maintask02.model.configuration.ConfigurationFileReader] - Path (./test_data/testConfigurationData/cost1.txt) is incorrect.
2019-06-19 13:53:08,999 [ERROR][main            ][by.epam.javatraining.chekun.maintask02.model.configuration.ConfigurationFileReader] - Path (null) is incorrect.
2019-06-19 13:53:09,002 [ERROR][main            ][by.epam.javatraining.chekun.maintask02.model.configuration.ConfigurationFileReader] - Path (null) is incorrect.
2019-06-19 13:53:09,004 [ERROR][main            ][by.epam.javatraining.chekun.maintask02.model.configuration.ConfigurationFileReader] - Path () is incorrect.
2019-06-19 13:53:09,009 [ERROR][main            ][by.epam.javatraining.chekun.maintask02.model.configuration.ConfigurationFileReader] - Path (./test_data/testConfigurationData/conf.txt) is incorrect.
2019-06-19 13:53:09,010 [INFO ][main            ][by.epam.javatraining.chekun.maintask02.model.configuration.ConfigurationFileReaderTest] - ConfigurationFileReaderTest finished!!
2019-06-19 13:53:09,013 [INFO ][main            ][by.epam.javatraining.chekun.maintask02.model.comparator.TripComparatorByTypeOfFoodTest] - TripComparatorByTypeOfFoodTest started!
2019-06-19 13:53:09,014 [INFO ][main            ][by.epam.javatraining.chekun.maintask02.model.comparator.TripComparatorByTypeOfFoodTest] - TripComparatorByTypeOfFoodTest finished!
2019-06-19 13:53:09,019 [INFO ][main            ][by.epam.javatraining.chekun.maintask02.model.comparator.TripComparatorByTransportTypeTest] - TripComparatorByTransportTypeTest started!
2019-06-19 13:53:09,021 [INFO ][main            ][by.epam.javatraining.chekun.maintask02.model.comparator.TripComparatorByTransportTypeTest] - TripComparatorByTransportTypeTest finished!
2019-06-19 13:53:09,025 [INFO ][main            ][by.epam.javatraining.chekun.maintask02.model.comparator.TripComparatorByNameTest] - TripComparatorByNameTest started!
2019-06-19 13:53:09,029 [INFO ][main            ][by.epam.javatraining.chekun.maintask02.model.comparator.TripComparatorByNameTest] - TripComparatorByNameTest finished!
2019-06-19 13:53:09,033 [INFO ][main            ][by.epam.javatraining.chekun.maintask02.model.comparator.TripComparatorByHotelLevelTest] - TripComparatorByHotelLevelTest started!
2019-06-19 13:53:09,034 [INFO ][main            ][by.epam.javatraining.chekun.maintask02.model.comparator.TripComparatorByHotelLevelTest] - TripComparatorByHotelLevelTest finished!
2019-06-19 13:53:09,037 [INFO ][main            ][by.epam.javatraining.chekun.maintask02.model.comparator.TripComparatorByIDTest] - TripComparatorByIDTest started!
2019-06-19 13:53:09,039 [INFO ][main            ][by.epam.javatraining.chekun.maintask02.model.comparator.TripComparatorByIDTest] - TripComparatorByIDTest finished!
2019-06-19 13:53:27,559 [INFO ][main            ][by.epam.javatraining.chekun.maintask02.simulator.AgencyWorkSimulator] - Save repository
2019-06-19 13:53:27,562 [INFO ][main            ][by.epam.javatraining.chekun.maintask02.simulator.AgencyWorkSimulator] - Trip{Name = RestTrip20190000, id=20190000, country='belarus', hotelName='bristol', hotelLevel=5, departureDate=1.1.2019, cost=1000.0, typeOfFood='without', typeOfTransport='plane'}
2019-06-19 13:53:27,565 [INFO ][main            ][by.epam.javatraining.chekun.maintask02.simulator.AgencyWorkSimulator] - Trip{Name = RestTrip40010000, id=40010000, country='belarus', hotelName='moscow_city', hotelLevel=5, departureDate=1.1.2020, cost=1000.0, typeOfFood='breakfast', typeOfTransport='bus'}
2019-06-19 13:53:27,565 [INFO ][main            ][by.epam.javatraining.chekun.maintask02.simulator.AgencyWorkSimulator] - Trip{Name = RestTrip48680000, id=48680000, country='russian', hotelName='moscow_city', hotelLevel=2, departureDate=19.5.2019, cost=10500.0, typeOfFood='breakfast', typeOfTransport='plane'}
2019-06-19 13:53:27,569 [INFO ][main            ][by.epam.javatraining.chekun.maintask02.simulator.AgencyWorkSimulator] - Trip{Name = RestTrip48550000, id=48550000, country='egypt', hotelName='maksim_gorky', hotelLevel=3, departureDate=12.1.2019, cost=19000.0, typeOfFood='breakfast_dinner', typeOfTransport='plane'}
2019-06-19 13:53:27,569 [INFO ][main            ][by.epam.javatraining.chekun.maintask02.simulator.AgencyWorkSimulator] - Trip{Name = RestTrip1610000, id=1610000, country='italy', hotelName='president_hotel', hotelLevel=4, departureDate=25.2.2019, cost=24000.0, typeOfFood='breakfast_lunch_dinner', typeOfTransport='plane'}
2019-06-19 13:53:27,570 [INFO ][main            ][by.epam.javatraining.chekun.maintask02.simulator.AgencyWorkSimulator] - Trip{Name = RestTrip12830000, id=12830000, country='belarus', hotelName='hotel_Minsk', hotelLevel=4, departureDate=1.7.2019, cost=5400.0, typeOfFood='breakfast', typeOfTransport='train'}
2019-06-19 13:53:27,570 [INFO ][main            ][by.epam.javatraining.chekun.maintask02.simulator.AgencyWorkSimulator] - Trip{Name = HealingTrip9510000, id=9510000, country='greece', hotelName='president_hotel', hotelLevel=4, departureDate=22.10.2019, cost=5900.0, typeOfFood='all_in', typeOfTransport='ship'}, diagnosis='cold'}
2019-06-19 13:53:27,570 [INFO ][main            ][by.epam.javatraining.chekun.maintask02.simulator.AgencyWorkSimulator] - Trip{Name = RestTrip49510000, id=49510000, country='russian', hotelName='moscow_city', hotelLevel=5, departureDate=5.5.2021, cost=5200.0, typeOfFood='breakfast_dinner', typeOfTransport='bus'}
2019-06-19 13:53:27,571 [INFO ][main            ][by.epam.javatraining.chekun.maintask02.simulator.AgencyWorkSimulator] - Trip{Name = HealingTrip21830000, id=21830000, country='italy', hotelName='bristol', hotelLevel=2, departureDate=12.11.2019, cost=5900.0, typeOfFood='without', typeOfTransport='plane'}, diagnosis='good'}
2019-06-19 13:53:27,571 [INFO ][main            ][by.epam.javatraining.chekun.maintask02.simulator.AgencyWorkSimulator] - 

2019-06-19 13:53:27,573 [INFO ][main            ][by.epam.javatraining.chekun.maintask02.simulator.AgencyWorkSimulator] - Repository after SORT by cost: 
2019-06-19 13:53:27,573 [INFO ][main            ][by.epam.javatraining.chekun.maintask02.simulator.AgencyWorkSimulator] - Trip{Name = RestTrip20190000, id=20190000, country='belarus', hotelName='bristol', hotelLevel=5, departureDate=1.1.2019, cost=1000.0, typeOfFood='without', typeOfTransport='plane'}
2019-06-19 13:53:27,573 [INFO ][main            ][by.epam.javatraining.chekun.maintask02.simulator.AgencyWorkSimulator] - Trip{Name = RestTrip40010000, id=40010000, country='belarus', hotelName='moscow_city', hotelLevel=5, departureDate=1.1.2020, cost=1000.0, typeOfFood='breakfast', typeOfTransport='bus'}
2019-06-19 13:53:27,574 [INFO ][main            ][by.epam.javatraining.chekun.maintask02.simulator.AgencyWorkSimulator] - Trip{Name = RestTrip49510000, id=49510000, country='russian', hotelName='moscow_city', hotelLevel=5, departureDate=5.5.2021, cost=5200.0, typeOfFood='breakfast_dinner', typeOfTransport='bus'}
2019-06-19 13:53:27,574 [INFO ][main            ][by.epam.javatraining.chekun.maintask02.simulator.AgencyWorkSimulator] - Trip{Name = RestTrip12830000, id=12830000, country='belarus', hotelName='hotel_Minsk', hotelLevel=4, departureDate=1.7.2019, cost=5400.0, typeOfFood='breakfast', typeOfTransport='train'}
2019-06-19 13:53:27,576 [INFO ][main            ][by.epam.javatraining.chekun.maintask02.simulator.AgencyWorkSimulator] - Trip{Name = HealingTrip9510000, id=9510000, country='greece', hotelName='president_hotel', hotelLevel=4, departureDate=22.10.2019, cost=5900.0, typeOfFood='all_in', typeOfTransport='ship'}, diagnosis='cold'}
2019-06-19 13:53:27,576 [INFO ][main            ][by.epam.javatraining.chekun.maintask02.simulator.AgencyWorkSimulator] - Trip{Name = HealingTrip21830000, id=21830000, country='italy', hotelName='bristol', hotelLevel=2, departureDate=12.11.2019, cost=5900.0, typeOfFood='without', typeOfTransport='plane'}, diagnosis='good'}
2019-06-19 13:53:27,577 [INFO ][main            ][by.epam.javatraining.chekun.maintask02.simulator.AgencyWorkSimulator] - Trip{Name = RestTrip48680000, id=48680000, country='russian', hotelName='moscow_city', hotelLevel=2, departureDate=19.5.2019, cost=10500.0, typeOfFood='breakfast', typeOfTransport='plane'}
2019-06-19 13:53:27,577 [INFO ][main            ][by.epam.javatraining.chekun.maintask02.simulator.AgencyWorkSimulator] - Trip{Name = RestTrip48550000, id=48550000, country='egypt', hotelName='maksim_gorky', hotelLevel=3, departureDate=12.1.2019, cost=19000.0, typeOfFood='breakfast_dinner', typeOfTransport='plane'}
2019-06-19 13:53:27,577 [INFO ][main            ][by.epam.javatraining.chekun.maintask02.simulator.AgencyWorkSimulator] - Trip{Name = RestTrip1610000, id=1610000, country='italy', hotelName='president_hotel', hotelLevel=4, departureDate=25.2.2019, cost=24000.0, typeOfFood='breakfast_lunch_dinner', typeOfTransport='plane'}
2019-06-19 13:53:27,578 [INFO ][main            ][by.epam.javatraining.chekun.maintask02.simulator.AgencyWorkSimulator] - 

2019-06-19 13:53:27,578 [INFO ][main            ][by.epam.javatraining.chekun.maintask02.simulator.AgencyWorkSimulator] - Repository after SORT by HotelLevel: 
2019-06-19 13:53:27,579 [INFO ][main            ][by.epam.javatraining.chekun.maintask02.simulator.AgencyWorkSimulator] - Trip{Name = HealingTrip21830000, id=21830000, country='italy', hotelName='bristol', hotelLevel=2, departureDate=12.11.2019, cost=5900.0, typeOfFood='without', typeOfTransport='plane'}, diagnosis='good'}
2019-06-19 13:53:27,579 [INFO ][main            ][by.epam.javatraining.chekun.maintask02.simulator.AgencyWorkSimulator] - Trip{Name = RestTrip48680000, id=48680000, country='russian', hotelName='moscow_city', hotelLevel=2, departureDate=19.5.2019, cost=10500.0, typeOfFood='breakfast', typeOfTransport='plane'}
2019-06-19 13:53:27,580 [INFO ][main            ][by.epam.javatraining.chekun.maintask02.simulator.AgencyWorkSimulator] - Trip{Name = RestTrip48550000, id=48550000, country='egypt', hotelName='maksim_gorky', hotelLevel=3, departureDate=12.1.2019, cost=19000.0, typeOfFood='breakfast_dinner', typeOfTransport='plane'}
2019-06-19 13:53:27,580 [INFO ][main            ][by.epam.javatraining.chekun.maintask02.simulator.AgencyWorkSimulator] - Trip{Name = RestTrip12830000, id=12830000, country='belarus', hotelName='hotel_Minsk', hotelLevel=4, departureDate=1.7.2019, cost=5400.0, typeOfFood='breakfast', typeOfTransport='train'}
2019-06-19 13:53:27,580 [INFO ][main            ][by.epam.javatraining.chekun.maintask02.simulator.AgencyWorkSimulator] - Trip{Name = HealingTrip9510000, id=9510000, country='greece', hotelName='president_hotel', hotelLevel=4, departureDate=22.10.2019, cost=5900.0, typeOfFood='all_in', typeOfTransport='ship'}, diagnosis='cold'}
2019-06-19 13:53:27,581 [INFO ][main            ][by.epam.javatraining.chekun.maintask02.simulator.AgencyWorkSimulator] - Trip{Name = RestTrip1610000, id=1610000, country='italy', hotelName='president_hotel', hotelLevel=4, departureDate=25.2.2019, cost=24000.0, typeOfFood='breakfast_lunch_dinner', typeOfTransport='plane'}
2019-06-19 13:53:27,581 [INFO ][main            ][by.epam.javatraining.chekun.maintask02.simulator.AgencyWorkSimulator] - Trip{Name = RestTrip20190000, id=20190000, country='belarus', hotelName='bristol', hotelLevel=5, departureDate=1.1.2019, cost=1000.0, typeOfFood='without', typeOfTransport='plane'}
2019-06-19 13:53:27,581 [INFO ][main            ][by.epam.javatraining.chekun.maintask02.simulator.AgencyWorkSimulator] - Trip{Name = RestTrip40010000, id=40010000, country='belarus', hotelName='moscow_city', hotelLevel=5, departureDate=1.1.2020, cost=1000.0, typeOfFood='breakfast', typeOfTransport='bus'}
2019-06-19 13:53:27,581 [INFO ][main            ][by.epam.javatraining.chekun.maintask02.simulator.AgencyWorkSimulator] - Trip{Name = RestTrip49510000, id=49510000, country='russian', hotelName='moscow_city', hotelLevel=5, departureDate=5.5.2021, cost=5200.0, typeOfFood='breakfast_dinner', typeOfTransport='bus'}
2019-06-19 13:53:27,582 [INFO ][main            ][by.epam.javatraining.chekun.maintask02.simulator.AgencyWorkSimulator] - 

2019-06-19 13:53:27,582 [INFO ][main            ][by.epam.javatraining.chekun.maintask02.simulator.AgencyWorkSimulator] - Repository after ADD new trip: 
2019-06-19 13:53:27,582 [INFO ][main            ][by.epam.javatraining.chekun.maintask02.simulator.AgencyWorkSimulator] - Trip{Name = HealingTrip21830000, id=21830000, country='italy', hotelName='bristol', hotelLevel=2, departureDate=12.11.2019, cost=5900.0, typeOfFood='without', typeOfTransport='plane'}, diagnosis='good'}
2019-06-19 13:53:27,583 [INFO ][main            ][by.epam.javatraining.chekun.maintask02.simulator.AgencyWorkSimulator] - Trip{Name = RestTrip48680000, id=48680000, country='russian', hotelName='moscow_city', hotelLevel=2, departureDate=19.5.2019, cost=10500.0, typeOfFood='breakfast', typeOfTransport='plane'}
2019-06-19 13:53:27,583 [INFO ][main            ][by.epam.javatraining.chekun.maintask02.simulator.AgencyWorkSimulator] - Trip{Name = RestTrip48550000, id=48550000, country='egypt', hotelName='maksim_gorky', hotelLevel=3, departureDate=12.1.2019, cost=19000.0, typeOfFood='breakfast_dinner', typeOfTransport='plane'}
2019-06-19 13:53:27,583 [INFO ][main            ][by.epam.javatraining.chekun.maintask02.simulator.AgencyWorkSimulator] - Trip{Name = RestTrip12830000, id=12830000, country='belarus', hotelName='hotel_Minsk', hotelLevel=4, departureDate=1.7.2019, cost=5400.0, typeOfFood='breakfast', typeOfTransport='train'}
2019-06-19 13:53:27,583 [INFO ][main            ][by.epam.javatraining.chekun.maintask02.simulator.AgencyWorkSimulator] - Trip{Name = HealingTrip9510000, id=9510000, country='greece', hotelName='president_hotel', hotelLevel=4, departureDate=22.10.2019, cost=5900.0, typeOfFood='all_in', typeOfTransport='ship'}, diagnosis='cold'}
2019-06-19 13:53:27,584 [INFO ][main            ][by.epam.javatraining.chekun.maintask02.simulator.AgencyWorkSimulator] - Trip{Name = RestTrip1610000, id=1610000, country='italy', hotelName='president_hotel', hotelLevel=4, departureDate=25.2.2019, cost=24000.0, typeOfFood='breakfast_lunch_dinner', typeOfTransport='plane'}
2019-06-19 13:53:27,584 [INFO ][main            ][by.epam.javatraining.chekun.maintask02.simulator.AgencyWorkSimulator] - Trip{Name = RestTrip20190000, id=20190000, country='belarus', hotelName='bristol', hotelLevel=5, departureDate=1.1.2019, cost=1000.0, typeOfFood='without', typeOfTransport='plane'}
2019-06-19 13:53:27,584 [INFO ][main            ][by.epam.javatraining.chekun.maintask02.simulator.AgencyWorkSimulator] - Trip{Name = RestTrip40010000, id=40010000, country='belarus', hotelName='moscow_city', hotelLevel=5, departureDate=1.1.2020, cost=1000.0, typeOfFood='breakfast', typeOfTransport='bus'}
2019-06-19 13:53:27,585 [INFO ][main            ][by.epam.javatraining.chekun.maintask02.simulator.AgencyWorkSimulator] - Trip{Name = RestTrip49510000, id=49510000, country='russian', hotelName='moscow_city', hotelLevel=5, departureDate=5.5.2021, cost=5200.0, typeOfFood='breakfast_dinner', typeOfTransport='bus'}
2019-06-19 13:53:27,585 [INFO ][main            ][by.epam.javatraining.chekun.maintask02.simulator.AgencyWorkSimulator] - Trip{Name = HealingTrip35090000, id=35090000, country='turkey', hotelName='vega', hotelLevel=5, departureDate=15.11.2019, cost=10000.2, typeOfFood='without', typeOfTransport='plane'}, diagnosis='cold'}
2019-06-19 13:53:27,585 [INFO ][main            ][by.epam.javatraining.chekun.maintask02.simulator.AgencyWorkSimulator] - 

2019-06-19 13:53:27,585 [INFO ][main            ][by.epam.javatraining.chekun.maintask02.simulator.AgencyWorkSimulator] - Repository after REMOVE one: 
2019-06-19 13:53:27,585 [INFO ][main            ][by.epam.javatraining.chekun.maintask02.simulator.AgencyWorkSimulator] - Trip{Name = HealingTrip21830000, id=21830000, country='italy', hotelName='bristol', hotelLevel=2, departureDate=12.11.2019, cost=5900.0, typeOfFood='without', typeOfTransport='plane'}, diagnosis='good'}
2019-06-19 13:53:27,586 [INFO ][main            ][by.epam.javatraining.chekun.maintask02.simulator.AgencyWorkSimulator] - Trip{Name = RestTrip48680000, id=48680000, country='russian', hotelName='moscow_city', hotelLevel=2, departureDate=19.5.2019, cost=10500.0, typeOfFood='breakfast', typeOfTransport='plane'}
2019-06-19 13:53:27,587 [INFO ][main            ][by.epam.javatraining.chekun.maintask02.simulator.AgencyWorkSimulator] - Trip{Name = RestTrip48550000, id=48550000, country='egypt', hotelName='maksim_gorky', hotelLevel=3, departureDate=12.1.2019, cost=19000.0, typeOfFood='breakfast_dinner', typeOfTransport='plane'}
2019-06-19 13:53:27,587 [INFO ][main            ][by.epam.javatraining.chekun.maintask02.simulator.AgencyWorkSimulator] - Trip{Name = RestTrip12830000, id=12830000, country='belarus', hotelName='hotel_Minsk', hotelLevel=4, departureDate=1.7.2019, cost=5400.0, typeOfFood='breakfast', typeOfTransport='train'}
2019-06-19 13:53:27,587 [INFO ][main            ][by.epam.javatraining.chekun.maintask02.simulator.AgencyWorkSimulator] - Trip{Name = HealingTrip9510000, id=9510000, country='greece', hotelName='president_hotel', hotelLevel=4, departureDate=22.10.2019, cost=5900.0, typeOfFood='all_in', typeOfTransport='ship'}, diagnosis='cold'}
2019-06-19 13:53:27,587 [INFO ][main            ][by.epam.javatraining.chekun.maintask02.simulator.AgencyWorkSimulator] - Trip{Name = RestTrip1610000, id=1610000, country='italy', hotelName='president_hotel', hotelLevel=4, departureDate=25.2.2019, cost=24000.0, typeOfFood='breakfast_lunch_dinner', typeOfTransport='plane'}
2019-06-19 13:53:27,588 [INFO ][main            ][by.epam.javatraining.chekun.maintask02.simulator.AgencyWorkSimulator] - Trip{Name = RestTrip20190000, id=20190000, country='belarus', hotelName='bristol', hotelLevel=5, departureDate=1.1.2019, cost=1000.0, typeOfFood='without', typeOfTransport='plane'}
2019-06-19 13:53:27,588 [INFO ][main            ][by.epam.javatraining.chekun.maintask02.simulator.AgencyWorkSimulator] - Trip{Name = RestTrip40010000, id=40010000, country='belarus', hotelName='moscow_city', hotelLevel=5, departureDate=1.1.2020, cost=1000.0, typeOfFood='breakfast', typeOfTransport='bus'}
2019-06-19 13:53:27,588 [INFO ][main            ][by.epam.javatraining.chekun.maintask02.simulator.AgencyWorkSimulator] - Trip{Name = RestTrip49510000, id=49510000, country='russian', hotelName='moscow_city', hotelLevel=5, departureDate=5.5.2021, cost=5200.0, typeOfFood='breakfast_dinner', typeOfTransport='bus'}
2019-06-19 13:53:27,589 [INFO ][main            ][by.epam.javatraining.chekun.maintask02.simulator.AgencyWorkSimulator] - 

2019-06-19 13:53:27,589 [INFO ][main            ][by.epam.javatraining.chekun.maintask02.simulator.AgencyWorkSimulator] - Repository after UPDATE this: Trip{Name = RestTrip49510000, id=49510000, country='russian', hotelName='moscow_city', hotelLevel=5, departureDate=5.5.2021, cost=5200.0, typeOfFood='breakfast_dinner', typeOfTransport='bus'}
2019-06-19 13:53:27,594 [INFO ][main            ][by.epam.javatraining.chekun.maintask02.simulator.AgencyWorkSimulator] - Last trip after UPDATE: Trip{Name = RestTrip49510000, id=49510000, country='newCountry', hotelName='moscow_city', hotelLevel=5, departureDate=5.5.2021, cost=5200.0, typeOfFood='breakfast_dinner', typeOfTransport='bus'}
2019-06-19 13:53:27,594 [INFO ][main            ][by.epam.javatraining.chekun.maintask02.simulator.AgencyWorkSimulator] - 

2019-06-19 13:53:27,594 [INFO ][main            ][by.epam.javatraining.chekun.maintask02.simulator.AgencyWorkSimulator] - Repository after ADD wrongTrip: 
2019-06-19 13:53:27,595 [ERROR][main            ][by.epam.javatraining.chekun.maintask02.model.action.TripCreator] - Method create() received wrong trip type: healing turkey vega 5 15 11 2019 10000.2 without  cold 
2019-06-19 13:53:27,595 [ERROR][main            ][by.epam.javatraining.chekun.maintask02.simulator.AgencyWorkSimulator] - Method create() received wrong trip type: healing turkey vega 5 15 11 2019 10000.2 without  cold 
2019-06-19 13:53:27,595 [INFO ][main            ][by.epam.javatraining.chekun.maintask02.simulator.AgencyWorkSimulator] - 

2019-06-19 13:53:27,595 [INFO ][main            ][by.epam.javatraining.chekun.maintask02.simulator.AgencyWorkSimulator] - Specification by COST 1000 
2019-06-19 13:53:27,598 [INFO ][main            ][by.epam.javatraining.chekun.maintask02.simulator.AgencyWorkSimulator] - Trip{Name = RestTrip20190000, id=20190000, country='belarus', hotelName='bristol', hotelLevel=5, departureDate=1.1.2019, cost=1000.0, typeOfFood='without', typeOfTransport='plane'}
2019-06-19 13:53:27,598 [INFO ][main            ][by.epam.javatraining.chekun.maintask02.simulator.AgencyWorkSimulator] - Trip{Name = RestTrip40010000, id=40010000, country='belarus', hotelName='moscow_city', hotelLevel=5, departureDate=1.1.2020, cost=1000.0, typeOfFood='breakfast', typeOfTransport='bus'}
2019-06-19 13:53:27,598 [INFO ][main            ][by.epam.javatraining.chekun.maintask02.simulator.AgencyWorkSimulator] - 

2019-06-19 13:53:27,599 [INFO ][main            ][by.epam.javatraining.chekun.maintask02.simulator.AgencyWorkSimulator] - Specification by COUNTRY russian 
2019-06-19 13:53:27,600 [INFO ][main            ][by.epam.javatraining.chekun.maintask02.simulator.AgencyWorkSimulator] - Trip{Name = RestTrip48680000, id=48680000, country='russian', hotelName='moscow_city', hotelLevel=2, departureDate=19.5.2019, cost=10500.0, typeOfFood='breakfast', typeOfTransport='plane'}
2019-06-19 13:53:27,601 [INFO ][main            ][by.epam.javatraining.chekun.maintask02.simulator.AgencyWorkSimulator] - 

2019-06-19 13:53:27,601 [INFO ][main            ][by.epam.javatraining.chekun.maintask02.simulator.AgencyWorkSimulator] - Specification by HOTEL NAME moscow_city 
2019-06-19 13:53:27,603 [INFO ][main            ][by.epam.javatraining.chekun.maintask02.simulator.AgencyWorkSimulator] - Trip{Name = RestTrip48680000, id=48680000, country='russian', hotelName='moscow_city', hotelLevel=2, departureDate=19.5.2019, cost=10500.0, typeOfFood='breakfast', typeOfTransport='plane'}
2019-06-19 13:53:27,603 [INFO ][main            ][by.epam.javatraining.chekun.maintask02.simulator.AgencyWorkSimulator] - Trip{Name = RestTrip40010000, id=40010000, country='belarus', hotelName='moscow_city', hotelLevel=5, departureDate=1.1.2020, cost=1000.0, typeOfFood='breakfast', typeOfTransport='bus'}
2019-06-19 13:53:27,604 [INFO ][main            ][by.epam.javatraining.chekun.maintask02.simulator.AgencyWorkSimulator] - Trip{Name = RestTrip49510000, id=49510000, country='newCountry', hotelName='moscow_city', hotelLevel=5, departureDate=5.5.2021, cost=5200.0, typeOfFood='breakfast_dinner', typeOfTransport='bus'}
2019-06-19 13:53:27,605 [INFO ][main            ][by.epam.javatraining.chekun.maintask02.simulator.AgencyWorkSimulator] - 

2019-06-19 13:53:27,605 [INFO ][main            ][by.epam.javatraining.chekun.maintask02.simulator.AgencyWorkSimulator] - Specification by ID 5125 
2019-06-19 13:53:27,607 [INFO ][main            ][by.epam.javatraining.chekun.maintask02.simulator.AgencyWorkSimulator] - Repository has no such object with that id 
2019-06-19 13:53:27,608 [INFO ][main            ][by.epam.javatraining.chekun.maintask02.simulator.AgencyWorkSimulator] - 

2019-06-19 13:53:27,608 [INFO ][main            ][by.epam.javatraining.chekun.maintask02.simulator.AgencyWorkSimulator] - Repository after CLEAR: 
2019-06-19 13:53:27,608 [INFO ][main            ][by.epam.javatraining.chekun.maintask02.simulator.AgencyWorkSimulator] - repository size: 0
