2019-06-20 11:39:15 INFO  AgencyWorkSimulator:68 - WITH LIST REPOSITORY:

2019-06-20 11:39:15 INFO  AgencyWorkSimulator:87 - Save repository
2019-06-20 11:39:15 INFO  AgencyWorkSimulator:197 - Trip{Name = RestTrip2670000, id=2670000, country='belarus', hotelName='bristol', hotelLevel=5, departureDate=1.1.2019, cost=1000.0, typeOfFood='without', typeOfTransport='plane'}
2019-06-20 11:39:15 INFO  AgencyWorkSimulator:197 - Trip{Name = RestTrip47700000, id=47700000, country='belarus', hotelName='moscow_city', hotelLevel=5, departureDate=1.1.2020, cost=1000.0, typeOfFood='breakfast', typeOfTransport='bus'}
2019-06-20 11:39:15 INFO  AgencyWorkSimulator:197 - Trip{Name = RestTrip32520000, id=32520000, country='russian', hotelName='moscow_city', hotelLevel=2, departureDate=19.5.2019, cost=10500.0, typeOfFood='breakfast', typeOfTransport='plane'}
2019-06-20 11:39:15 INFO  AgencyWorkSimulator:197 - Trip{Name = RestTrip41740000, id=41740000, country='egypt', hotelName='maksim_gorky', hotelLevel=3, departureDate=12.1.2019, cost=19000.0, typeOfFood='breakfast_dinner', typeOfTransport='plane'}
2019-06-20 11:39:15 INFO  AgencyWorkSimulator:197 - Trip{Name = RestTrip24920000, id=24920000, country='italy', hotelName='president_hotel', hotelLevel=4, departureDate=25.2.2019, cost=24000.0, typeOfFood='breakfast_lunch_dinner', typeOfTransport='plane'}
2019-06-20 11:39:15 INFO  AgencyWorkSimulator:197 - Trip{Name = RestTrip10180000, id=10180000, country='belarus', hotelName='hotel_Minsk', hotelLevel=4, departureDate=1.7.2019, cost=5400.0, typeOfFood='breakfast', typeOfTransport='train'}
2019-06-20 11:39:15 INFO  AgencyWorkSimulator:197 - Trip{Name = HealingTrip6000000, id=6000000, country='greece', hotelName='president_hotel', hotelLevel=4, departureDate=22.10.2019, cost=5900.0, typeOfFood='all_in', typeOfTransport='ship'}, diagnosis='cold'}
2019-06-20 11:39:15 INFO  AgencyWorkSimulator:197 - Trip{Name = RestTrip43100000, id=43100000, country='russian', hotelName='moscow_city', hotelLevel=5, departureDate=5.5.2021, cost=5200.0, typeOfFood='breakfast_dinner', typeOfTransport='bus'}
2019-06-20 11:39:15 INFO  AgencyWorkSimulator:197 - Trip{Name = HealingTrip670000, id=670000, country='italy', hotelName='president_hotel', hotelLevel=4, departureDate=4.10.2019, cost=5400.0, typeOfFood='breakfast', typeOfTransport='ship'}, diagnosis='good'}
2019-06-20 11:39:15 INFO  AgencyWorkSimulator:197 - Trip{Name = HealingTrip8860000, id=8860000, country='egypt', hotelName='bristol', hotelLevel=2, departureDate=12.11.2019, cost=5900.0, typeOfFood='without', typeOfTransport='plane'}, diagnosis='good'}
2019-06-20 11:39:15 INFO  AgencyWorkSimulator:197 - Trip{Name = RestTrip43040000, id=43040000, country='egypt', hotelName='maksim_gorky', hotelLevel=3, departureDate=12.1.2019, cost=19000.0, typeOfFood='breakfast_dinner', typeOfTransport='plane'}
2019-06-20 11:39:15 INFO  AgencyWorkSimulator:197 - Trip{Name = RestTrip36700000, id=36700000, country='egypt', hotelName='maksim_gorky', hotelLevel=3, departureDate=12.1.2019, cost=19000.0, typeOfFood='breakfast_dinner', typeOfTransport='plane'}
2019-06-20 11:39:15 INFO  AgencyWorkSimulator:90 - 

2019-06-20 11:39:15 INFO  AgencyWorkSimulator:94 - Repository after SORT by cost: 
2019-06-20 11:39:15 INFO  AgencyWorkSimulator:197 - Trip{Name = RestTrip2670000, id=2670000, country='belarus', hotelName='bristol', hotelLevel=5, departureDate=1.1.2019, cost=1000.0, typeOfFood='without', typeOfTransport='plane'}
2019-06-20 11:39:15 INFO  AgencyWorkSimulator:197 - Trip{Name = RestTrip47700000, id=47700000, country='belarus', hotelName='moscow_city', hotelLevel=5, departureDate=1.1.2020, cost=1000.0, typeOfFood='breakfast', typeOfTransport='bus'}
2019-06-20 11:39:15 INFO  AgencyWorkSimulator:197 - Trip{Name = RestTrip43100000, id=43100000, country='russian', hotelName='moscow_city', hotelLevel=5, departureDate=5.5.2021, cost=5200.0, typeOfFood='breakfast_dinner', typeOfTransport='bus'}
2019-06-20 11:39:15 INFO  AgencyWorkSimulator:197 - Trip{Name = RestTrip10180000, id=10180000, country='belarus', hotelName='hotel_Minsk', hotelLevel=4, departureDate=1.7.2019, cost=5400.0, typeOfFood='breakfast', typeOfTransport='train'}
2019-06-20 11:39:15 INFO  AgencyWorkSimulator:197 - Trip{Name = HealingTrip670000, id=670000, country='italy', hotelName='president_hotel', hotelLevel=4, departureDate=4.10.2019, cost=5400.0, typeOfFood='breakfast', typeOfTransport='ship'}, diagnosis='good'}
2019-06-20 11:39:15 INFO  AgencyWorkSimulator:197 - Trip{Name = HealingTrip6000000, id=6000000, country='greece', hotelName='president_hotel', hotelLevel=4, departureDate=22.10.2019, cost=5900.0, typeOfFood='all_in', typeOfTransport='ship'}, diagnosis='cold'}
2019-06-20 11:39:15 INFO  AgencyWorkSimulator:197 - Trip{Name = HealingTrip8860000, id=8860000, country='egypt', hotelName='bristol', hotelLevel=2, departureDate=12.11.2019, cost=5900.0, typeOfFood='without', typeOfTransport='plane'}, diagnosis='good'}
2019-06-20 11:39:15 INFO  AgencyWorkSimulator:197 - Trip{Name = RestTrip32520000, id=32520000, country='russian', hotelName='moscow_city', hotelLevel=2, departureDate=19.5.2019, cost=10500.0, typeOfFood='breakfast', typeOfTransport='plane'}
2019-06-20 11:39:15 INFO  AgencyWorkSimulator:197 - Trip{Name = RestTrip41740000, id=41740000, country='egypt', hotelName='maksim_gorky', hotelLevel=3, departureDate=12.1.2019, cost=19000.0, typeOfFood='breakfast_dinner', typeOfTransport='plane'}
2019-06-20 11:39:15 INFO  AgencyWorkSimulator:197 - Trip{Name = RestTrip43040000, id=43040000, country='egypt', hotelName='maksim_gorky', hotelLevel=3, departureDate=12.1.2019, cost=19000.0, typeOfFood='breakfast_dinner', typeOfTransport='plane'}
2019-06-20 11:39:15 INFO  AgencyWorkSimulator:197 - Trip{Name = RestTrip36700000, id=36700000, country='egypt', hotelName='maksim_gorky', hotelLevel=3, departureDate=12.1.2019, cost=19000.0, typeOfFood='breakfast_dinner', typeOfTransport='plane'}
2019-06-20 11:39:15 INFO  AgencyWorkSimulator:197 - Trip{Name = RestTrip24920000, id=24920000, country='italy', hotelName='president_hotel', hotelLevel=4, departureDate=25.2.2019, cost=24000.0, typeOfFood='breakfast_lunch_dinner', typeOfTransport='plane'}
2019-06-20 11:39:15 INFO  AgencyWorkSimulator:98 - 

2019-06-20 11:39:15 INFO  AgencyWorkSimulator:100 - Repository after SORT by HotelLevel: 
2019-06-20 11:39:15 INFO  AgencyWorkSimulator:197 - Trip{Name = HealingTrip8860000, id=8860000, country='egypt', hotelName='bristol', hotelLevel=2, departureDate=12.11.2019, cost=5900.0, typeOfFood='without', typeOfTransport='plane'}, diagnosis='good'}
2019-06-20 11:39:15 INFO  AgencyWorkSimulator:197 - Trip{Name = RestTrip32520000, id=32520000, country='russian', hotelName='moscow_city', hotelLevel=2, departureDate=19.5.2019, cost=10500.0, typeOfFood='breakfast', typeOfTransport='plane'}
2019-06-20 11:39:15 INFO  AgencyWorkSimulator:197 - Trip{Name = RestTrip41740000, id=41740000, country='egypt', hotelName='maksim_gorky', hotelLevel=3, departureDate=12.1.2019, cost=19000.0, typeOfFood='breakfast_dinner', typeOfTransport='plane'}
2019-06-20 11:39:15 INFO  AgencyWorkSimulator:197 - Trip{Name = RestTrip43040000, id=43040000, country='egypt', hotelName='maksim_gorky', hotelLevel=3, departureDate=12.1.2019, cost=19000.0, typeOfFood='breakfast_dinner', typeOfTransport='plane'}
2019-06-20 11:39:15 INFO  AgencyWorkSimulator:197 - Trip{Name = RestTrip36700000, id=36700000, country='egypt', hotelName='maksim_gorky', hotelLevel=3, departureDate=12.1.2019, cost=19000.0, typeOfFood='breakfast_dinner', typeOfTransport='plane'}
2019-06-20 11:39:15 INFO  AgencyWorkSimulator:197 - Trip{Name = RestTrip10180000, id=10180000, country='belarus', hotelName='hotel_Minsk', hotelLevel=4, departureDate=1.7.2019, cost=5400.0, typeOfFood='breakfast', typeOfTransport='train'}
2019-06-20 11:39:15 INFO  AgencyWorkSimulator:197 - Trip{Name = HealingTrip670000, id=670000, country='italy', hotelName='president_hotel', hotelLevel=4, departureDate=4.10.2019, cost=5400.0, typeOfFood='breakfast', typeOfTransport='ship'}, diagnosis='good'}
2019-06-20 11:39:15 INFO  AgencyWorkSimulator:197 - Trip{Name = HealingTrip6000000, id=6000000, country='greece', hotelName='president_hotel', hotelLevel=4, departureDate=22.10.2019, cost=5900.0, typeOfFood='all_in', typeOfTransport='ship'}, diagnosis='cold'}
2019-06-20 11:39:15 INFO  AgencyWorkSimulator:197 - Trip{Name = RestTrip24920000, id=24920000, country='italy', hotelName='president_hotel', hotelLevel=4, departureDate=25.2.2019, cost=24000.0, typeOfFood='breakfast_lunch_dinner', typeOfTransport='plane'}
2019-06-20 11:39:15 INFO  AgencyWorkSimulator:197 - Trip{Name = RestTrip2670000, id=2670000, country='belarus', hotelName='bristol', hotelLevel=5, departureDate=1.1.2019, cost=1000.0, typeOfFood='without', typeOfTransport='plane'}
2019-06-20 11:39:15 INFO  AgencyWorkSimulator:197 - Trip{Name = RestTrip47700000, id=47700000, country='belarus', hotelName='moscow_city', hotelLevel=5, departureDate=1.1.2020, cost=1000.0, typeOfFood='breakfast', typeOfTransport='bus'}
2019-06-20 11:39:15 INFO  AgencyWorkSimulator:197 - Trip{Name = RestTrip43100000, id=43100000, country='russian', hotelName='moscow_city', hotelLevel=5, departureDate=5.5.2021, cost=5200.0, typeOfFood='breakfast_dinner', typeOfTransport='bus'}
2019-06-20 11:39:15 INFO  AgencyWorkSimulator:105 - 

2019-06-20 11:39:15 INFO  AgencyWorkSimulator:107 - Repository after ADD new trip: 
2019-06-20 11:39:15 INFO  AgencyWorkSimulator:197 - Trip{Name = HealingTrip8860000, id=8860000, country='egypt', hotelName='bristol', hotelLevel=2, departureDate=12.11.2019, cost=5900.0, typeOfFood='without', typeOfTransport='plane'}, diagnosis='good'}
2019-06-20 11:39:15 INFO  AgencyWorkSimulator:197 - Trip{Name = RestTrip32520000, id=32520000, country='russian', hotelName='moscow_city', hotelLevel=2, departureDate=19.5.2019, cost=10500.0, typeOfFood='breakfast', typeOfTransport='plane'}
2019-06-20 11:39:15 INFO  AgencyWorkSimulator:197 - Trip{Name = RestTrip41740000, id=41740000, country='egypt', hotelName='maksim_gorky', hotelLevel=3, departureDate=12.1.2019, cost=19000.0, typeOfFood='breakfast_dinner', typeOfTransport='plane'}
2019-06-20 11:39:15 INFO  AgencyWorkSimulator:197 - Trip{Name = RestTrip43040000, id=43040000, country='egypt', hotelName='maksim_gorky', hotelLevel=3, departureDate=12.1.2019, cost=19000.0, typeOfFood='breakfast_dinner', typeOfTransport='plane'}
2019-06-20 11:39:15 INFO  AgencyWorkSimulator:197 - Trip{Name = RestTrip36700000, id=36700000, country='egypt', hotelName='maksim_gorky', hotelLevel=3, departureDate=12.1.2019, cost=19000.0, typeOfFood='breakfast_dinner', typeOfTransport='plane'}
2019-06-20 11:39:15 INFO  AgencyWorkSimulator:197 - Trip{Name = RestTrip10180000, id=10180000, country='belarus', hotelName='hotel_Minsk', hotelLevel=4, departureDate=1.7.2019, cost=5400.0, typeOfFood='breakfast', typeOfTransport='train'}
2019-06-20 11:39:15 INFO  AgencyWorkSimulator:197 - Trip{Name = HealingTrip670000, id=670000, country='italy', hotelName='president_hotel', hotelLevel=4, departureDate=4.10.2019, cost=5400.0, typeOfFood='breakfast', typeOfTransport='ship'}, diagnosis='good'}
2019-06-20 11:39:15 INFO  AgencyWorkSimulator:197 - Trip{Name = HealingTrip6000000, id=6000000, country='greece', hotelName='president_hotel', hotelLevel=4, departureDate=22.10.2019, cost=5900.0, typeOfFood='all_in', typeOfTransport='ship'}, diagnosis='cold'}
2019-06-20 11:39:15 INFO  AgencyWorkSimulator:197 - Trip{Name = RestTrip24920000, id=24920000, country='italy', hotelName='president_hotel', hotelLevel=4, departureDate=25.2.2019, cost=24000.0, typeOfFood='breakfast_lunch_dinner', typeOfTransport='plane'}
2019-06-20 11:39:15 INFO  AgencyWorkSimulator:197 - Trip{Name = RestTrip2670000, id=2670000, country='belarus', hotelName='bristol', hotelLevel=5, departureDate=1.1.2019, cost=1000.0, typeOfFood='without', typeOfTransport='plane'}
2019-06-20 11:39:15 INFO  AgencyWorkSimulator:197 - Trip{Name = RestTrip47700000, id=47700000, country='belarus', hotelName='moscow_city', hotelLevel=5, departureDate=1.1.2020, cost=1000.0, typeOfFood='breakfast', typeOfTransport='bus'}
2019-06-20 11:39:15 INFO  AgencyWorkSimulator:197 - Trip{Name = RestTrip43100000, id=43100000, country='russian', hotelName='moscow_city', hotelLevel=5, departureDate=5.5.2021, cost=5200.0, typeOfFood='breakfast_dinner', typeOfTransport='bus'}
2019-06-20 11:39:15 INFO  AgencyWorkSimulator:197 - Trip{Name = HealingTrip39620000, id=39620000, country='turkey', hotelName='vega', hotelLevel=5, departureDate=15.11.2019, cost=10000.2, typeOfFood='without', typeOfTransport='plane'}, diagnosis='cold'}
2019-06-20 11:39:15 INFO  AgencyWorkSimulator:111 - 

2019-06-20 11:39:15 INFO  AgencyWorkSimulator:114 - Repository after REMOVE one: 
2019-06-20 11:39:15 INFO  AgencyWorkSimulator:197 - Trip{Name = HealingTrip8860000, id=8860000, country='egypt', hotelName='bristol', hotelLevel=2, departureDate=12.11.2019, cost=5900.0, typeOfFood='without', typeOfTransport='plane'}, diagnosis='good'}
2019-06-20 11:39:15 INFO  AgencyWorkSimulator:197 - Trip{Name = RestTrip32520000, id=32520000, country='russian', hotelName='moscow_city', hotelLevel=2, departureDate=19.5.2019, cost=10500.0, typeOfFood='breakfast', typeOfTransport='plane'}
2019-06-20 11:39:15 INFO  AgencyWorkSimulator:197 - Trip{Name = RestTrip41740000, id=41740000, country='egypt', hotelName='maksim_gorky', hotelLevel=3, departureDate=12.1.2019, cost=19000.0, typeOfFood='breakfast_dinner', typeOfTransport='plane'}
2019-06-20 11:39:15 INFO  AgencyWorkSimulator:197 - Trip{Name = RestTrip43040000, id=43040000, country='egypt', hotelName='maksim_gorky', hotelLevel=3, departureDate=12.1.2019, cost=19000.0, typeOfFood='breakfast_dinner', typeOfTransport='plane'}
2019-06-20 11:39:15 INFO  AgencyWorkSimulator:197 - Trip{Name = RestTrip36700000, id=36700000, country='egypt', hotelName='maksim_gorky', hotelLevel=3, departureDate=12.1.2019, cost=19000.0, typeOfFood='breakfast_dinner', typeOfTransport='plane'}
2019-06-20 11:39:15 INFO  AgencyWorkSimulator:197 - Trip{Name = RestTrip10180000, id=10180000, country='belarus', hotelName='hotel_Minsk', hotelLevel=4, departureDate=1.7.2019, cost=5400.0, typeOfFood='breakfast', typeOfTransport='train'}
2019-06-20 11:39:15 INFO  AgencyWorkSimulator:197 - Trip{Name = HealingTrip670000, id=670000, country='italy', hotelName='president_hotel', hotelLevel=4, departureDate=4.10.2019, cost=5400.0, typeOfFood='breakfast', typeOfTransport='ship'}, diagnosis='good'}
2019-06-20 11:39:15 INFO  AgencyWorkSimulator:197 - Trip{Name = HealingTrip6000000, id=6000000, country='greece', hotelName='president_hotel', hotelLevel=4, departureDate=22.10.2019, cost=5900.0, typeOfFood='all_in', typeOfTransport='ship'}, diagnosis='cold'}
2019-06-20 11:39:15 INFO  AgencyWorkSimulator:197 - Trip{Name = RestTrip24920000, id=24920000, country='italy', hotelName='president_hotel', hotelLevel=4, departureDate=25.2.2019, cost=24000.0, typeOfFood='breakfast_lunch_dinner', typeOfTransport='plane'}
2019-06-20 11:39:15 INFO  AgencyWorkSimulator:197 - Trip{Name = RestTrip2670000, id=2670000, country='belarus', hotelName='bristol', hotelLevel=5, departureDate=1.1.2019, cost=1000.0, typeOfFood='without', typeOfTransport='plane'}
2019-06-20 11:39:15 INFO  AgencyWorkSimulator:197 - Trip{Name = RestTrip47700000, id=47700000, country='belarus', hotelName='moscow_city', hotelLevel=5, departureDate=1.1.2020, cost=1000.0, typeOfFood='breakfast', typeOfTransport='bus'}
2019-06-20 11:39:15 INFO  AgencyWorkSimulator:197 - Trip{Name = RestTrip43100000, id=43100000, country='russian', hotelName='moscow_city', hotelLevel=5, departureDate=5.5.2021, cost=5200.0, typeOfFood='breakfast_dinner', typeOfTransport='bus'}
2019-06-20 11:39:15 INFO  AgencyWorkSimulator:120 - 

2019-06-20 11:39:15 INFO  AgencyWorkSimulator:123 - Repository after UPDATE this: Trip{Name = RestTrip43100000, id=43100000, country='russian', hotelName='moscow_city', hotelLevel=5, departureDate=5.5.2021, cost=5200.0, typeOfFood='breakfast_dinner', typeOfTransport='bus'}
2019-06-20 11:39:15 INFO  AgencyWorkSimulator:127 - Last trip after UPDATE: Trip{Name = RestTrip43100000, id=43100000, country='newCountry', hotelName='moscow_city', hotelLevel=5, departureDate=5.5.2021, cost=5200.0, typeOfFood='breakfast_dinner', typeOfTransport='bus'}
2019-06-20 11:39:15 INFO  AgencyWorkSimulator:130 - 

2019-06-20 11:39:15 INFO  AgencyWorkSimulator:133 - Repository after ADD wrongTrip: 
2019-06-20 11:39:15 ERROR AgencyWorkSimulator:137 - Method create() received wrong trip type: healing turkey vega 5 15 11 2019 10000.2 without  cold 
2019-06-20 11:39:15 INFO  AgencyWorkSimulator:141 - 

2019-06-20 11:39:15 INFO  AgencyWorkSimulator:143 - Specification by COST 1000 
2019-06-20 11:39:15 INFO  AgencyWorkSimulator:147 - Trip{Name = RestTrip2670000, id=2670000, country='belarus', hotelName='bristol', hotelLevel=5, departureDate=1.1.2019, cost=1000.0, typeOfFood='without', typeOfTransport='plane'}
2019-06-20 11:39:15 INFO  AgencyWorkSimulator:147 - Trip{Name = RestTrip47700000, id=47700000, country='belarus', hotelName='moscow_city', hotelLevel=5, departureDate=1.1.2020, cost=1000.0, typeOfFood='breakfast', typeOfTransport='bus'}
2019-06-20 11:39:15 INFO  AgencyWorkSimulator:149 - 

2019-06-20 11:39:15 INFO  AgencyWorkSimulator:152 - Specification by COUNTRY russian 
2019-06-20 11:39:15 INFO  AgencyWorkSimulator:156 - Trip{Name = RestTrip32520000, id=32520000, country='russian', hotelName='moscow_city', hotelLevel=2, departureDate=19.5.2019, cost=10500.0, typeOfFood='breakfast', typeOfTransport='plane'}
2019-06-20 11:39:15 INFO  AgencyWorkSimulator:158 - 

2019-06-20 11:39:15 INFO  AgencyWorkSimulator:160 - Specification by HOTEL NAME moscow_city 
2019-06-20 11:39:15 INFO  AgencyWorkSimulator:164 - Trip{Name = RestTrip32520000, id=32520000, country='russian', hotelName='moscow_city', hotelLevel=2, departureDate=19.5.2019, cost=10500.0, typeOfFood='breakfast', typeOfTransport='plane'}
2019-06-20 11:39:15 INFO  AgencyWorkSimulator:164 - Trip{Name = RestTrip47700000, id=47700000, country='belarus', hotelName='moscow_city', hotelLevel=5, departureDate=1.1.2020, cost=1000.0, typeOfFood='breakfast', typeOfTransport='bus'}
2019-06-20 11:39:15 INFO  AgencyWorkSimulator:164 - Trip{Name = RestTrip43100000, id=43100000, country='newCountry', hotelName='moscow_city', hotelLevel=5, departureDate=5.5.2021, cost=5200.0, typeOfFood='breakfast_dinner', typeOfTransport='bus'}
2019-06-20 11:39:15 INFO  AgencyWorkSimulator:166 - 

2019-06-20 11:39:15 INFO  AgencyWorkSimulator:168 - Specification by ID 5125 
2019-06-20 11:39:15 INFO  AgencyWorkSimulator:175 - Repository has no such object with that id 
2019-06-20 11:39:15 INFO  AgencyWorkSimulator:178 - 

2019-06-20 11:39:15 INFO  AgencyWorkSimulator:181 - Repository after CLEAR: 
2019-06-20 11:39:15 INFO  AgencyWorkSimulator:183 - repository size: 0
2019-06-20 11:39:39 INFO  AgencyWorkSimulator:68 - 

WITH ARRAY REPOSITORY:

2019-06-20 11:39:39 INFO  AgencyWorkSimulator:87 - Save repository
2019-06-20 11:39:39 INFO  AgencyWorkSimulator:197 - Trip{Name = RestTrip49030000, id=49030000, country='belarus', hotelName='bristol', hotelLevel=5, departureDate=1.1.2019, cost=1000.0, typeOfFood='without', typeOfTransport='plane'}
2019-06-20 11:39:39 INFO  AgencyWorkSimulator:197 - Trip{Name = RestTrip10790000, id=10790000, country='belarus', hotelName='moscow_city', hotelLevel=5, departureDate=1.1.2020, cost=1000.0, typeOfFood='breakfast', typeOfTransport='bus'}
2019-06-20 11:39:39 INFO  AgencyWorkSimulator:197 - Trip{Name = RestTrip31330000, id=31330000, country='russian', hotelName='moscow_city', hotelLevel=2, departureDate=19.5.2019, cost=10500.0, typeOfFood='breakfast', typeOfTransport='plane'}
2019-06-20 11:39:39 INFO  AgencyWorkSimulator:197 - Trip{Name = RestTrip47820000, id=47820000, country='egypt', hotelName='maksim_gorky', hotelLevel=3, departureDate=12.1.2019, cost=19000.0, typeOfFood='breakfast_dinner', typeOfTransport='plane'}
2019-06-20 11:39:39 INFO  AgencyWorkSimulator:197 - Trip{Name = RestTrip49460000, id=49460000, country='italy', hotelName='president_hotel', hotelLevel=4, departureDate=25.2.2019, cost=24000.0, typeOfFood='breakfast_lunch_dinner', typeOfTransport='plane'}
2019-06-20 11:39:39 INFO  AgencyWorkSimulator:197 - Trip{Name = RestTrip18130000, id=18130000, country='belarus', hotelName='hotel_Minsk', hotelLevel=4, departureDate=1.7.2019, cost=5400.0, typeOfFood='breakfast', typeOfTransport='train'}
2019-06-20 11:39:39 INFO  AgencyWorkSimulator:197 - Trip{Name = HealingTrip44700000, id=44700000, country='greece', hotelName='president_hotel', hotelLevel=4, departureDate=22.10.2019, cost=5900.0, typeOfFood='all_in', typeOfTransport='ship'}, diagnosis='cold'}
2019-06-20 11:39:39 INFO  AgencyWorkSimulator:197 - Trip{Name = RestTrip35970000, id=35970000, country='russian', hotelName='moscow_city', hotelLevel=5, departureDate=5.5.2021, cost=5200.0, typeOfFood='breakfast_dinner', typeOfTransport='bus'}
2019-06-20 11:39:39 INFO  AgencyWorkSimulator:197 - Trip{Name = HealingTrip40980000, id=40980000, country='italy', hotelName='president_hotel', hotelLevel=4, departureDate=4.10.2019, cost=5400.0, typeOfFood='breakfast', typeOfTransport='ship'}, diagnosis='good'}
2019-06-20 11:39:39 INFO  AgencyWorkSimulator:197 - Trip{Name = HealingTrip41010000, id=41010000, country='egypt', hotelName='bristol', hotelLevel=2, departureDate=12.11.2019, cost=5900.0, typeOfFood='without', typeOfTransport='plane'}, diagnosis='good'}
2019-06-20 11:39:39 INFO  AgencyWorkSimulator:197 - Trip{Name = RestTrip5290000, id=5290000, country='egypt', hotelName='maksim_gorky', hotelLevel=3, departureDate=12.1.2019, cost=19000.0, typeOfFood='breakfast_dinner', typeOfTransport='plane'}
2019-06-20 11:39:39 INFO  AgencyWorkSimulator:197 - Trip{Name = RestTrip4560000, id=4560000, country='egypt', hotelName='maksim_gorky', hotelLevel=3, departureDate=12.1.2019, cost=19000.0, typeOfFood='breakfast_dinner', typeOfTransport='plane'}
2019-06-20 11:39:39 INFO  AgencyWorkSimulator:90 - 

2019-06-20 11:39:39 INFO  AgencyWorkSimulator:94 - Repository after SORT by cost: 
2019-06-20 11:39:39 INFO  AgencyWorkSimulator:197 - Trip{Name = RestTrip49030000, id=49030000, country='belarus', hotelName='bristol', hotelLevel=5, departureDate=1.1.2019, cost=1000.0, typeOfFood='without', typeOfTransport='plane'}
2019-06-20 11:39:39 INFO  AgencyWorkSimulator:197 - Trip{Name = RestTrip10790000, id=10790000, country='belarus', hotelName='moscow_city', hotelLevel=5, departureDate=1.1.2020, cost=1000.0, typeOfFood='breakfast', typeOfTransport='bus'}
2019-06-20 11:39:39 INFO  AgencyWorkSimulator:197 - Trip{Name = RestTrip31330000, id=31330000, country='russian', hotelName='moscow_city', hotelLevel=2, departureDate=19.5.2019, cost=10500.0, typeOfFood='breakfast', typeOfTransport='plane'}
2019-06-20 11:39:39 INFO  AgencyWorkSimulator:197 - Trip{Name = RestTrip47820000, id=47820000, country='egypt', hotelName='maksim_gorky', hotelLevel=3, departureDate=12.1.2019, cost=19000.0, typeOfFood='breakfast_dinner', typeOfTransport='plane'}
2019-06-20 11:39:39 INFO  AgencyWorkSimulator:197 - Trip{Name = RestTrip49460000, id=49460000, country='italy', hotelName='president_hotel', hotelLevel=4, departureDate=25.2.2019, cost=24000.0, typeOfFood='breakfast_lunch_dinner', typeOfTransport='plane'}
2019-06-20 11:39:39 INFO  AgencyWorkSimulator:197 - Trip{Name = RestTrip18130000, id=18130000, country='belarus', hotelName='hotel_Minsk', hotelLevel=4, departureDate=1.7.2019, cost=5400.0, typeOfFood='breakfast', typeOfTransport='train'}
2019-06-20 11:39:39 INFO  AgencyWorkSimulator:197 - Trip{Name = HealingTrip44700000, id=44700000, country='greece', hotelName='president_hotel', hotelLevel=4, departureDate=22.10.2019, cost=5900.0, typeOfFood='all_in', typeOfTransport='ship'}, diagnosis='cold'}
2019-06-20 11:39:39 INFO  AgencyWorkSimulator:197 - Trip{Name = RestTrip35970000, id=35970000, country='russian', hotelName='moscow_city', hotelLevel=5, departureDate=5.5.2021, cost=5200.0, typeOfFood='breakfast_dinner', typeOfTransport='bus'}
2019-06-20 11:39:39 INFO  AgencyWorkSimulator:197 - Trip{Name = HealingTrip40980000, id=40980000, country='italy', hotelName='president_hotel', hotelLevel=4, departureDate=4.10.2019, cost=5400.0, typeOfFood='breakfast', typeOfTransport='ship'}, diagnosis='good'}
2019-06-20 11:39:39 INFO  AgencyWorkSimulator:197 - Trip{Name = HealingTrip41010000, id=41010000, country='egypt', hotelName='bristol', hotelLevel=2, departureDate=12.11.2019, cost=5900.0, typeOfFood='without', typeOfTransport='plane'}, diagnosis='good'}
2019-06-20 11:39:39 INFO  AgencyWorkSimulator:197 - Trip{Name = RestTrip5290000, id=5290000, country='egypt', hotelName='maksim_gorky', hotelLevel=3, departureDate=12.1.2019, cost=19000.0, typeOfFood='breakfast_dinner', typeOfTransport='plane'}
2019-06-20 11:39:39 INFO  AgencyWorkSimulator:197 - Trip{Name = RestTrip4560000, id=4560000, country='egypt', hotelName='maksim_gorky', hotelLevel=3, departureDate=12.1.2019, cost=19000.0, typeOfFood='breakfast_dinner', typeOfTransport='plane'}
2019-06-20 11:39:39 INFO  AgencyWorkSimulator:98 - 

2019-06-20 11:39:39 INFO  AgencyWorkSimulator:100 - Repository after SORT by HotelLevel: 
2019-06-20 11:39:39 INFO  AgencyWorkSimulator:197 - Trip{Name = RestTrip49030000, id=49030000, country='belarus', hotelName='bristol', hotelLevel=5, departureDate=1.1.2019, cost=1000.0, typeOfFood='without', typeOfTransport='plane'}
2019-06-20 11:39:39 INFO  AgencyWorkSimulator:197 - Trip{Name = RestTrip10790000, id=10790000, country='belarus', hotelName='moscow_city', hotelLevel=5, departureDate=1.1.2020, cost=1000.0, typeOfFood='breakfast', typeOfTransport='bus'}
2019-06-20 11:39:39 INFO  AgencyWorkSimulator:197 - Trip{Name = RestTrip31330000, id=31330000, country='russian', hotelName='moscow_city', hotelLevel=2, departureDate=19.5.2019, cost=10500.0, typeOfFood='breakfast', typeOfTransport='plane'}
2019-06-20 11:39:39 INFO  AgencyWorkSimulator:197 - Trip{Name = RestTrip47820000, id=47820000, country='egypt', hotelName='maksim_gorky', hotelLevel=3, departureDate=12.1.2019, cost=19000.0, typeOfFood='breakfast_dinner', typeOfTransport='plane'}
2019-06-20 11:39:39 INFO  AgencyWorkSimulator:197 - Trip{Name = RestTrip49460000, id=49460000, country='italy', hotelName='president_hotel', hotelLevel=4, departureDate=25.2.2019, cost=24000.0, typeOfFood='breakfast_lunch_dinner', typeOfTransport='plane'}
2019-06-20 11:39:39 INFO  AgencyWorkSimulator:197 - Trip{Name = RestTrip18130000, id=18130000, country='belarus', hotelName='hotel_Minsk', hotelLevel=4, departureDate=1.7.2019, cost=5400.0, typeOfFood='breakfast', typeOfTransport='train'}
2019-06-20 11:39:39 INFO  AgencyWorkSimulator:197 - Trip{Name = HealingTrip44700000, id=44700000, country='greece', hotelName='president_hotel', hotelLevel=4, departureDate=22.10.2019, cost=5900.0, typeOfFood='all_in', typeOfTransport='ship'}, diagnosis='cold'}
2019-06-20 11:39:39 INFO  AgencyWorkSimulator:197 - Trip{Name = RestTrip35970000, id=35970000, country='russian', hotelName='moscow_city', hotelLevel=5, departureDate=5.5.2021, cost=5200.0, typeOfFood='breakfast_dinner', typeOfTransport='bus'}
2019-06-20 11:39:39 INFO  AgencyWorkSimulator:197 - Trip{Name = HealingTrip40980000, id=40980000, country='italy', hotelName='president_hotel', hotelLevel=4, departureDate=4.10.2019, cost=5400.0, typeOfFood='breakfast', typeOfTransport='ship'}, diagnosis='good'}
2019-06-20 11:39:39 INFO  AgencyWorkSimulator:197 - Trip{Name = HealingTrip41010000, id=41010000, country='egypt', hotelName='bristol', hotelLevel=2, departureDate=12.11.2019, cost=5900.0, typeOfFood='without', typeOfTransport='plane'}, diagnosis='good'}
2019-06-20 11:39:39 INFO  AgencyWorkSimulator:197 - Trip{Name = RestTrip5290000, id=5290000, country='egypt', hotelName='maksim_gorky', hotelLevel=3, departureDate=12.1.2019, cost=19000.0, typeOfFood='breakfast_dinner', typeOfTransport='plane'}
2019-06-20 11:39:39 INFO  AgencyWorkSimulator:197 - Trip{Name = RestTrip4560000, id=4560000, country='egypt', hotelName='maksim_gorky', hotelLevel=3, departureDate=12.1.2019, cost=19000.0, typeOfFood='breakfast_dinner', typeOfTransport='plane'}
2019-06-20 11:39:39 INFO  AgencyWorkSimulator:105 - 

2019-06-20 11:39:39 INFO  AgencyWorkSimulator:107 - Repository after ADD new trip: 
2019-06-20 11:39:39 INFO  AgencyWorkSimulator:197 - Trip{Name = RestTrip49030000, id=49030000, country='belarus', hotelName='bristol', hotelLevel=5, departureDate=1.1.2019, cost=1000.0, typeOfFood='without', typeOfTransport='plane'}
2019-06-20 11:39:39 INFO  AgencyWorkSimulator:197 - Trip{Name = RestTrip10790000, id=10790000, country='belarus', hotelName='moscow_city', hotelLevel=5, departureDate=1.1.2020, cost=1000.0, typeOfFood='breakfast', typeOfTransport='bus'}
2019-06-20 11:39:39 INFO  AgencyWorkSimulator:197 - Trip{Name = RestTrip31330000, id=31330000, country='russian', hotelName='moscow_city', hotelLevel=2, departureDate=19.5.2019, cost=10500.0, typeOfFood='breakfast', typeOfTransport='plane'}
2019-06-20 11:39:39 INFO  AgencyWorkSimulator:197 - Trip{Name = RestTrip47820000, id=47820000, country='egypt', hotelName='maksim_gorky', hotelLevel=3, departureDate=12.1.2019, cost=19000.0, typeOfFood='breakfast_dinner', typeOfTransport='plane'}
2019-06-20 11:39:39 INFO  AgencyWorkSimulator:197 - Trip{Name = RestTrip49460000, id=49460000, country='italy', hotelName='president_hotel', hotelLevel=4, departureDate=25.2.2019, cost=24000.0, typeOfFood='breakfast_lunch_dinner', typeOfTransport='plane'}
2019-06-20 11:39:39 INFO  AgencyWorkSimulator:197 - Trip{Name = RestTrip18130000, id=18130000, country='belarus', hotelName='hotel_Minsk', hotelLevel=4, departureDate=1.7.2019, cost=5400.0, typeOfFood='breakfast', typeOfTransport='train'}
2019-06-20 11:39:39 INFO  AgencyWorkSimulator:197 - Trip{Name = HealingTrip44700000, id=44700000, country='greece', hotelName='president_hotel', hotelLevel=4, departureDate=22.10.2019, cost=5900.0, typeOfFood='all_in', typeOfTransport='ship'}, diagnosis='cold'}
2019-06-20 11:39:39 INFO  AgencyWorkSimulator:197 - Trip{Name = RestTrip35970000, id=35970000, country='russian', hotelName='moscow_city', hotelLevel=5, departureDate=5.5.2021, cost=5200.0, typeOfFood='breakfast_dinner', typeOfTransport='bus'}
2019-06-20 11:39:39 INFO  AgencyWorkSimulator:197 - Trip{Name = HealingTrip40980000, id=40980000, country='italy', hotelName='president_hotel', hotelLevel=4, departureDate=4.10.2019, cost=5400.0, typeOfFood='breakfast', typeOfTransport='ship'}, diagnosis='good'}
2019-06-20 11:39:39 INFO  AgencyWorkSimulator:197 - Trip{Name = HealingTrip41010000, id=41010000, country='egypt', hotelName='bristol', hotelLevel=2, departureDate=12.11.2019, cost=5900.0, typeOfFood='without', typeOfTransport='plane'}, diagnosis='good'}
2019-06-20 11:39:39 INFO  AgencyWorkSimulator:197 - Trip{Name = RestTrip5290000, id=5290000, country='egypt', hotelName='maksim_gorky', hotelLevel=3, departureDate=12.1.2019, cost=19000.0, typeOfFood='breakfast_dinner', typeOfTransport='plane'}
2019-06-20 11:39:39 INFO  AgencyWorkSimulator:197 - Trip{Name = RestTrip4560000, id=4560000, country='egypt', hotelName='maksim_gorky', hotelLevel=3, departureDate=12.1.2019, cost=19000.0, typeOfFood='breakfast_dinner', typeOfTransport='plane'}
2019-06-20 11:39:39 INFO  AgencyWorkSimulator:197 - Trip{Name = HealingTrip41410000, id=41410000, country='turkey', hotelName='vega', hotelLevel=5, departureDate=15.11.2019, cost=10000.2, typeOfFood='without', typeOfTransport='plane'}, diagnosis='cold'}
2019-06-20 11:39:39 INFO  AgencyWorkSimulator:111 - 

2019-06-20 11:39:39 INFO  AgencyWorkSimulator:114 - Repository after REMOVE one: 
2019-06-20 11:39:39 INFO  AgencyWorkSimulator:197 - Trip{Name = RestTrip49030000, id=49030000, country='belarus', hotelName='bristol', hotelLevel=5, departureDate=1.1.2019, cost=1000.0, typeOfFood='without', typeOfTransport='plane'}
2019-06-20 11:39:39 INFO  AgencyWorkSimulator:197 - Trip{Name = RestTrip10790000, id=10790000, country='belarus', hotelName='moscow_city', hotelLevel=5, departureDate=1.1.2020, cost=1000.0, typeOfFood='breakfast', typeOfTransport='bus'}
2019-06-20 11:39:39 INFO  AgencyWorkSimulator:197 - Trip{Name = RestTrip31330000, id=31330000, country='russian', hotelName='moscow_city', hotelLevel=2, departureDate=19.5.2019, cost=10500.0, typeOfFood='breakfast', typeOfTransport='plane'}
2019-06-20 11:39:39 INFO  AgencyWorkSimulator:197 - Trip{Name = RestTrip47820000, id=47820000, country='egypt', hotelName='maksim_gorky', hotelLevel=3, departureDate=12.1.2019, cost=19000.0, typeOfFood='breakfast_dinner', typeOfTransport='plane'}
2019-06-20 11:39:39 INFO  AgencyWorkSimulator:197 - Trip{Name = RestTrip49460000, id=49460000, country='italy', hotelName='president_hotel', hotelLevel=4, departureDate=25.2.2019, cost=24000.0, typeOfFood='breakfast_lunch_dinner', typeOfTransport='plane'}
2019-06-20 11:39:39 INFO  AgencyWorkSimulator:197 - Trip{Name = RestTrip18130000, id=18130000, country='belarus', hotelName='hotel_Minsk', hotelLevel=4, departureDate=1.7.2019, cost=5400.0, typeOfFood='breakfast', typeOfTransport='train'}
2019-06-20 11:39:39 INFO  AgencyWorkSimulator:197 - Trip{Name = HealingTrip44700000, id=44700000, country='greece', hotelName='president_hotel', hotelLevel=4, departureDate=22.10.2019, cost=5900.0, typeOfFood='all_in', typeOfTransport='ship'}, diagnosis='cold'}
2019-06-20 11:39:39 INFO  AgencyWorkSimulator:197 - Trip{Name = RestTrip35970000, id=35970000, country='russian', hotelName='moscow_city', hotelLevel=5, departureDate=5.5.2021, cost=5200.0, typeOfFood='breakfast_dinner', typeOfTransport='bus'}
2019-06-20 11:39:39 INFO  AgencyWorkSimulator:197 - Trip{Name = HealingTrip40980000, id=40980000, country='italy', hotelName='president_hotel', hotelLevel=4, departureDate=4.10.2019, cost=5400.0, typeOfFood='breakfast', typeOfTransport='ship'}, diagnosis='good'}
2019-06-20 11:39:39 INFO  AgencyWorkSimulator:197 - Trip{Name = HealingTrip41010000, id=41010000, country='egypt', hotelName='bristol', hotelLevel=2, departureDate=12.11.2019, cost=5900.0, typeOfFood='without', typeOfTransport='plane'}, diagnosis='good'}
2019-06-20 11:39:39 INFO  AgencyWorkSimulator:197 - Trip{Name = RestTrip5290000, id=5290000, country='egypt', hotelName='maksim_gorky', hotelLevel=3, departureDate=12.1.2019, cost=19000.0, typeOfFood='breakfast_dinner', typeOfTransport='plane'}
2019-06-20 11:39:39 INFO  AgencyWorkSimulator:197 - Trip{Name = RestTrip4560000, id=4560000, country='egypt', hotelName='maksim_gorky', hotelLevel=3, departureDate=12.1.2019, cost=19000.0, typeOfFood='breakfast_dinner', typeOfTransport='plane'}
2019-06-20 11:39:39 INFO  AgencyWorkSimulator:120 - 

2019-06-20 11:39:39 INFO  AgencyWorkSimulator:123 - Repository after UPDATE this: Trip{Name = RestTrip4560000, id=4560000, country='egypt', hotelName='maksim_gorky', hotelLevel=3, departureDate=12.1.2019, cost=19000.0, typeOfFood='breakfast_dinner', typeOfTransport='plane'}
2019-06-20 11:39:39 INFO  AgencyWorkSimulator:127 - Last trip after UPDATE: Trip{Name = RestTrip4560000, id=4560000, country='newCountry', hotelName='maksim_gorky', hotelLevel=3, departureDate=12.1.2019, cost=19000.0, typeOfFood='breakfast_dinner', typeOfTransport='plane'}
2019-06-20 11:39:39 INFO  AgencyWorkSimulator:130 - 

2019-06-20 11:39:39 INFO  AgencyWorkSimulator:133 - Repository after ADD wrongTrip: 
2019-06-20 11:39:39 ERROR AgencyWorkSimulator:137 - Method create() received wrong trip type: healing turkey vega 5 15 11 2019 10000.2 without  cold 
2019-06-20 11:39:39 INFO  AgencyWorkSimulator:141 - 

2019-06-20 11:39:39 INFO  AgencyWorkSimulator:143 - Specification by COST 1000 
2019-06-20 11:39:39 INFO  AgencyWorkSimulator:147 - Trip{Name = RestTrip49030000, id=49030000, country='belarus', hotelName='bristol', hotelLevel=5, departureDate=1.1.2019, cost=1000.0, typeOfFood='without', typeOfTransport='plane'}
2019-06-20 11:39:39 INFO  AgencyWorkSimulator:147 - Trip{Name = RestTrip10790000, id=10790000, country='belarus', hotelName='moscow_city', hotelLevel=5, departureDate=1.1.2020, cost=1000.0, typeOfFood='breakfast', typeOfTransport='bus'}
2019-06-20 11:39:39 INFO  AgencyWorkSimulator:149 - 

2019-06-20 11:39:39 INFO  AgencyWorkSimulator:152 - Specification by COUNTRY russian 
2019-06-20 11:39:39 INFO  AgencyWorkSimulator:156 - Trip{Name = RestTrip31330000, id=31330000, country='russian', hotelName='moscow_city', hotelLevel=2, departureDate=19.5.2019, cost=10500.0, typeOfFood='breakfast', typeOfTransport='plane'}
2019-06-20 11:39:39 INFO  AgencyWorkSimulator:156 - Trip{Name = RestTrip35970000, id=35970000, country='russian', hotelName='moscow_city', hotelLevel=5, departureDate=5.5.2021, cost=5200.0, typeOfFood='breakfast_dinner', typeOfTransport='bus'}
2019-06-20 11:39:39 INFO  AgencyWorkSimulator:158 - 

2019-06-20 11:39:39 INFO  AgencyWorkSimulator:160 - Specification by HOTEL NAME moscow_city 
2019-06-20 11:39:39 INFO  AgencyWorkSimulator:164 - Trip{Name = RestTrip10790000, id=10790000, country='belarus', hotelName='moscow_city', hotelLevel=5, departureDate=1.1.2020, cost=1000.0, typeOfFood='breakfast', typeOfTransport='bus'}
2019-06-20 11:39:39 INFO  AgencyWorkSimulator:164 - Trip{Name = RestTrip31330000, id=31330000, country='russian', hotelName='moscow_city', hotelLevel=2, departureDate=19.5.2019, cost=10500.0, typeOfFood='breakfast', typeOfTransport='plane'}
2019-06-20 11:39:39 INFO  AgencyWorkSimulator:164 - Trip{Name = RestTrip35970000, id=35970000, country='russian', hotelName='moscow_city', hotelLevel=5, departureDate=5.5.2021, cost=5200.0, typeOfFood='breakfast_dinner', typeOfTransport='bus'}
2019-06-20 11:39:39 INFO  AgencyWorkSimulator:166 - 

2019-06-20 11:39:39 INFO  AgencyWorkSimulator:168 - Specification by ID 5125 
2019-06-20 11:39:39 INFO  AgencyWorkSimulator:175 - Repository has no such object with that id 
2019-06-20 11:39:39 INFO  AgencyWorkSimulator:178 - 

2019-06-20 11:39:39 INFO  AgencyWorkSimulator:181 - Repository after CLEAR: 
2019-06-20 11:39:39 INFO  AgencyWorkSimulator:183 - repository size: 0
